[debug] [2022-10-22T08:53:26.317Z] ----------------------------------------------------------------------
[debug] [2022-10-22T08:53:26.320Z] Command:       C:\Program Files\nodejs\node.exe C:\Users\HP\AppData\Roaming\npm\node_modules\firebase-tools\lib\bin\firebase.js init
[debug] [2022-10-22T08:53:26.321Z] CLI Version:   10.8.0
[debug] [2022-10-22T08:53:26.321Z] Platform:      win32
[debug] [2022-10-22T08:53:26.322Z] Node Version:  v16.16.0
[debug] [2022-10-22T08:53:26.323Z] Time:          Sat Oct 22 2022 14:53:26 GMT+0600 (Bangladesh Standard Time)
[debug] [2022-10-22T08:53:26.323Z] ----------------------------------------------------------------------
[debug] 
[debug] [2022-10-22T08:53:26.328Z] >>> [apiv2][query] GET https://firebase-public.firebaseio.com/cli.json [none]
[debug] [2022-10-22T08:53:26.359Z] > command requires scopes: ["email","openid","https://www.googleapis.com/auth/cloudplatformprojects.readonly","https://www.googleapis.com/auth/firebase","https://www.googleapis.com/auth/cloud-platform"]
[debug] [2022-10-22T08:53:26.359Z] > authorizing via signed-in user (hawladerrahul8@gmail.com)
[info] 
     ######## #### ########  ######## ########     ###     ######  ########
     ##        ##  ##     ## ##       ##     ##  ##   ##  ##       ##
     ######    ##  ########  ######   ########  #########  ######  ######
     ##        ##  ##    ##  ##       ##     ## ##     ##       ## ##
     ##       #### ##     ## ######## ########  ##     ##  ######  ########

You're about to initialize a Firebase project in this directory:

  C:\Projects\fasion-holesales-house

Before we get started, keep in mind:

  * You are currently outside your home directory

[debug] [2022-10-22T08:53:27.276Z] <<< [apiv2][status] GET https://firebase-public.firebaseio.com/cli.json 200
[debug] [2022-10-22T08:53:27.277Z] <<< [apiv2][body] GET https://firebase-public.firebaseio.com/cli.json {"cloudBuildErrorAfter":1594252800000,"cloudBuildWarnAfter":1590019200000,"defaultNode10After":1594252800000,"minVersion":"3.0.5","node8DeploysDisabledAfter":1613390400000,"node8RuntimeDisabledAfter":1615809600000,"node8WarnAfter":1600128000000}
